[2023-05-24 11:35:39,353] multiqc                                            [DEBUG  ]  This is MultiQC v1.13
[2023-05-24 11:35:39,367] multiqc                                            [DEBUG  ]  Command used: /shared/ifbstor1/software/miniconda/envs/multiqc-1.13/bin/multiqc --force --title snarrowe sample sub-set /shared/home/snarrowe/medbioinfo_folder/sarah/MedBioinfo/data/merged_pairs /shared/home/snarrowe/medbioinfo_folder/sarah/MedBioinfo/analyses/fastqc /shared/home/snarrowe/medbioinfo_folder/sarah/MedBioinfo/data/merged_pairs/snarrowe_flash2.log /shared/home/snarrowe/medbioinfo_folder/sarah/MedBioinfo/analyses/bowtie
[2023-05-24 11:35:40,112] multiqc                                            [WARNING]  MultiQC Version v1.14 now available!
[2023-05-24 11:35:40,113] multiqc                                            [DEBUG  ]  Working dir : /shared/ifbstor1/projects/2314_medbioinfo/sarah/MedBioinfo
[2023-05-24 11:35:40,113] multiqc                                            [DEBUG  ]  Template    : default
[2023-05-24 11:35:40,113] multiqc                                            [DEBUG  ]  Running Python 3.10.6 | packaged by conda-forge | (main, Aug 22 2022, 20:36:39) [GCC 10.4.0]
[2023-05-24 11:35:40,113] multiqc                                            [INFO   ]  Report title: snarrowe sample sub-set
[2023-05-24 11:35:40,113] multiqc                                            [DEBUG  ]  Analysing modules: custom_content, ccs, ngsderive, purple, conpair, lima, peddy, somalier, methylQA, mosdepth, phantompeakqualtools, qualimap, preseq, quast, qorts, rna_seqc, rockhopper, rsem, rseqc, busco, bustools, goleft_indexcov, gffcompare, disambiguate, supernova, deeptools, sargasso, verifybamid, mirtrace, happy, mirtop, sambamba, homer, hops, macs2, theta2, snpeff, gatk, htseq, bcftools, featureCounts, fgbio, dragen, dedup, pbmarkdup, damageprofiler, biobambam2, jcvi, mtnucratio, picard, vep, sentieon, prokka, qc3C, nanostat, samblaster, samtools, sexdeterrmine, eigenstratdatabasetools, bamtools, jellyfish, vcftools, longranger, stacks, varscan2, snippy, bbmap, bismark, biscuit, hicexplorer, hicup, hicpro, salmon, kallisto, slamdunk, star, hisat2, tophat, bowtie2, bowtie1, snpsplit, odgi, pangolin, kat, leehom, adapterRemoval, clipandmerge, cutadapt, flexbar, kaiju, kraken, malt, trimmomatic, sickle, skewer, sortmerna, biobloomtools, fastq_screen, afterqc, fastp, fastqc, pychopper, pycoqc, minionqc, multivcfanalyzer, clusterflow, checkqc, bcl2fastq, bclconvert, interop, ivar, flash, seqyclean, optitype, whatshap
[2023-05-24 11:35:40,114] multiqc                                            [DEBUG  ]  Using temporary directory for creating report: /tmp/tmpbam70pvi
[2023-05-24 11:35:40,342] multiqc                                            [INFO   ]  Search path : /shared/home/snarrowe/medbioinfo_folder/sarah/MedBioinfo/data/merged_pairs
[2023-05-24 11:35:40,342] multiqc                                            [INFO   ]  Search path : /shared/home/snarrowe/medbioinfo_folder/sarah/MedBioinfo/analyses/fastqc
[2023-05-24 11:35:40,342] multiqc                                            [INFO   ]  Search path : /shared/home/snarrowe/medbioinfo_folder/sarah/MedBioinfo/data/merged_pairs/snarrowe_flash2.log
[2023-05-24 11:35:40,342] multiqc                                            [INFO   ]  Search path : /shared/home/snarrowe/medbioinfo_folder/sarah/MedBioinfo/analyses/bowtie
[2023-05-24 11:35:45,249] multiqc                                            [DEBUG  ]  Summary of files that were skipped by the search: [skipped_module_specific_max_filesize: 288] // [skipped_no_match: 67] // [skipped_ignore_pattern: 35]
[2023-05-24 11:35:47,072] multiqc.plots.bargraph                             [DEBUG  ]  Using matplotlib version 3.6.1
[2023-05-24 11:35:47,074] multiqc.plots.linegraph                            [DEBUG  ]  Using matplotlib version 3.6.1
[2023-05-24 11:35:47,077] multiqc                                            [DEBUG  ]  No samples found: custom_content
[2023-05-24 11:35:47,087] multiqc.modules.bowtie2.bowtie2                    [INFO   ]  Found 2 reports
[2023-05-24 11:35:47,694] multiqc.modules.fastqc.fastqc                      [INFO   ]  Found 20 reports
[2023-05-24 11:35:47,851] multiqc.modules.flash.flash                        [INFO   ]  Found 10 log reports
[2023-05-24 11:35:47,863] multiqc.modules.flash.flash                        [INFO   ]  Found 11 histogram reports
[2023-05-24 11:35:47,900] multiqc                                            [INFO   ]  Compressing plot data
[2023-05-24 11:35:48,294] multiqc                                            [WARNING]  Deleting    : snarrowe-sample-sub-set_multiqc_report.html   (-f was specified)
[2023-05-24 11:35:48,303] multiqc                                            [WARNING]  Deleting    : snarrowe-sample-sub-set_multiqc_report_data   (-f was specified)
[2023-05-24 11:35:48,310] multiqc                                            [INFO   ]  Report      : snarrowe-sample-sub-set_multiqc_report.html
[2023-05-24 11:35:48,311] multiqc                                            [INFO   ]  Data        : snarrowe-sample-sub-set_multiqc_report_data
[2023-05-24 11:35:48,311] multiqc                                            [DEBUG  ]  Moving data file from '/tmp/tmpbam70pvi/multiqc_data' to '/shared/ifbstor1/projects/2314_medbioinfo/sarah/MedBioinfo/snarrowe-sample-sub-set_multiqc_report_data'
[2023-05-24 11:35:48,521] multiqc                                            [INFO   ]  MultiQC complete
