file                                                                                           format  type  num_seqs     sum_len  min_len  avg_len  max_len
/shared/home/snarrowe/medbioinfo_folder/sarah/MedBioinfo/data/sra_fastq/ERR6913103_1.fastq.gz  FASTQ   DNA    192,870  24,531,781       35    127.2      151
file                                                                                           format  type   num_seqs      sum_len  min_len  avg_len  max_len
/shared/home/snarrowe/medbioinfo_folder/sarah/MedBioinfo/data/sra_fastq/ERR6913128_1.fastq.gz  FASTQ   DNA   1,067,560  152,953,415       35    143.3      151
file                                                                                           format  type  num_seqs    sum_len  min_len  avg_len  max_len
/shared/home/snarrowe/medbioinfo_folder/sarah/MedBioinfo/data/sra_fastq/ERR6913199_1.fastq.gz  FASTQ   DNA     31,198  3,336,874       35      107      151
file                                                                                           format  type   num_seqs      sum_len  min_len  avg_len  max_len
/shared/home/snarrowe/medbioinfo_folder/sarah/MedBioinfo/data/sra_fastq/ERR6913224_1.fastq.gz  FASTQ   DNA   1,127,307  149,000,016       35    132.2      151
file                                                                                           format  type  num_seqs    sum_len  min_len  avg_len  max_len
/shared/home/snarrowe/medbioinfo_folder/sarah/MedBioinfo/data/sra_fastq/ERR6913115_1.fastq.gz  FASTQ   DNA     16,627  2,129,700       35    128.1      151
file                                                                                           format  type  num_seqs    sum_len  min_len  avg_len  max_len
/shared/home/snarrowe/medbioinfo_folder/sarah/MedBioinfo/data/sra_fastq/ERR6913211_1.fastq.gz  FASTQ   DNA     19,781  2,251,531       35    113.8      151
file                                                                                           format  type  num_seqs     sum_len  min_len  avg_len  max_len
/shared/home/snarrowe/medbioinfo_folder/sarah/MedBioinfo/data/sra_fastq/ERR6913117_1.fastq.gz  FASTQ   DNA    198,593  25,277,579       35    127.3      151
file                                                                                           format  type  num_seqs    sum_len  min_len  avg_len  max_len
/shared/home/snarrowe/medbioinfo_folder/sarah/MedBioinfo/data/sra_fastq/ERR6913213_1.fastq.gz  FASTQ   DNA     15,934  1,686,477       35    105.8      151
file                                                                                           format  type  num_seqs    sum_len  min_len  avg_len  max_len
/shared/home/snarrowe/medbioinfo_folder/sarah/MedBioinfo/data/sra_fastq/ERR6913111_1.fastq.gz  FASTQ   DNA     16,620  2,198,653       35    132.3      151
file                                                                                           format  type  num_seqs  sum_len  min_len  avg_len  max_len
/shared/home/snarrowe/medbioinfo_folder/sarah/MedBioinfo/data/sra_fastq/ERR6913207_1.fastq.gz  FASTQ   DNA      4,620  575,747       35    124.6      151
file                                                                                           format  type  num_seqs     sum_len  min_len  avg_len  max_len
/shared/home/snarrowe/medbioinfo_folder/sarah/MedBioinfo/data/sra_fastq/ERR6913103_1.fastq.gz  FASTQ   DNA    192,870  24,531,781       35    127.2      151
file                                                                                           format  type   num_seqs      sum_len  min_len  avg_len  max_len
/shared/home/snarrowe/medbioinfo_folder/sarah/MedBioinfo/data/sra_fastq/ERR6913128_1.fastq.gz  FASTQ   DNA   1,067,560  152,953,415       35    143.3      151
file                                                                                           format  type  num_seqs    sum_len  min_len  avg_len  max_len
/shared/home/snarrowe/medbioinfo_folder/sarah/MedBioinfo/data/sra_fastq/ERR6913199_1.fastq.gz  FASTQ   DNA     31,198  3,336,874       35      107      151
file                                                                                           format  type   num_seqs      sum_len  min_len  avg_len  max_len
/shared/home/snarrowe/medbioinfo_folder/sarah/MedBioinfo/data/sra_fastq/ERR6913224_1.fastq.gz  FASTQ   DNA   1,127,307  149,000,016       35    132.2      151
file                                                                                           format  type  num_seqs    sum_len  min_len  avg_len  max_len
/shared/home/snarrowe/medbioinfo_folder/sarah/MedBioinfo/data/sra_fastq/ERR6913115_1.fastq.gz  FASTQ   DNA     16,627  2,129,700       35    128.1      151
file                                                                                           format  type  num_seqs    sum_len  min_len  avg_len  max_len
/shared/home/snarrowe/medbioinfo_folder/sarah/MedBioinfo/data/sra_fastq/ERR6913211_1.fastq.gz  FASTQ   DNA     19,781  2,251,531       35    113.8      151
file                                                                                           format  type  num_seqs     sum_len  min_len  avg_len  max_len
/shared/home/snarrowe/medbioinfo_folder/sarah/MedBioinfo/data/sra_fastq/ERR6913117_1.fastq.gz  FASTQ   DNA    198,593  25,277,579       35    127.3      151
file                                                                                           format  type  num_seqs    sum_len  min_len  avg_len  max_len
/shared/home/snarrowe/medbioinfo_folder/sarah/MedBioinfo/data/sra_fastq/ERR6913213_1.fastq.gz  FASTQ   DNA     15,934  1,686,477       35    105.8      151
file                                                                                           format  type  num_seqs    sum_len  min_len  avg_len  max_len
/shared/home/snarrowe/medbioinfo_folder/sarah/MedBioinfo/data/sra_fastq/ERR6913111_1.fastq.gz  FASTQ   DNA     16,620  2,198,653       35    132.3      151
file                                                                                           format  type  num_seqs  sum_len  min_len  avg_len  max_len
/shared/home/snarrowe/medbioinfo_folder/sarah/MedBioinfo/data/sra_fastq/ERR6913207_1.fastq.gz  FASTQ   DNA      4,620  575,747       35    124.6      151
file                                                                                           format  type  num_seqs     sum_len  min_len  avg_len  max_len
/shared/home/snarrowe/medbioinfo_folder/sarah/MedBioinfo/data/sra_fastq/ERR6913103_1.fastq.gz  FASTQ   DNA    192,870  24,531,781       35    127.2      151
file                                                                                           format  type   num_seqs      sum_len  min_len  avg_len  max_len
/shared/home/snarrowe/medbioinfo_folder/sarah/MedBioinfo/data/sra_fastq/ERR6913128_1.fastq.gz  FASTQ   DNA   1,067,560  152,953,415       35    143.3      151
file                                                                                           format  type  num_seqs    sum_len  min_len  avg_len  max_len
/shared/home/snarrowe/medbioinfo_folder/sarah/MedBioinfo/data/sra_fastq/ERR6913199_1.fastq.gz  FASTQ   DNA     31,198  3,336,874       35      107      151
file                                                                                           format  type   num_seqs      sum_len  min_len  avg_len  max_len
/shared/home/snarrowe/medbioinfo_folder/sarah/MedBioinfo/data/sra_fastq/ERR6913224_1.fastq.gz  FASTQ   DNA   1,127,307  149,000,016       35    132.2      151
file                                                                                           format  type  num_seqs    sum_len  min_len  avg_len  max_len
/shared/home/snarrowe/medbioinfo_folder/sarah/MedBioinfo/data/sra_fastq/ERR6913115_1.fastq.gz  FASTQ   DNA     16,627  2,129,700       35    128.1      151
file                                                                                           format  type  num_seqs    sum_len  min_len  avg_len  max_len
/shared/home/snarrowe/medbioinfo_folder/sarah/MedBioinfo/data/sra_fastq/ERR6913211_1.fastq.gz  FASTQ   DNA     19,781  2,251,531       35    113.8      151
file                                                                                           format  type  num_seqs     sum_len  min_len  avg_len  max_len
/shared/home/snarrowe/medbioinfo_folder/sarah/MedBioinfo/data/sra_fastq/ERR6913117_1.fastq.gz  FASTQ   DNA    198,593  25,277,579       35    127.3      151
file                                                                                           format  type  num_seqs    sum_len  min_len  avg_len  max_len
/shared/home/snarrowe/medbioinfo_folder/sarah/MedBioinfo/data/sra_fastq/ERR6913213_1.fastq.gz  FASTQ   DNA     15,934  1,686,477       35    105.8      151
file                                                                                           format  type  num_seqs    sum_len  min_len  avg_len  max_len
/shared/home/snarrowe/medbioinfo_folder/sarah/MedBioinfo/data/sra_fastq/ERR6913111_1.fastq.gz  FASTQ   DNA     16,620  2,198,653       35    132.3      151
file                                                                                           format  type  num_seqs  sum_len  min_len  avg_len  max_len
/shared/home/snarrowe/medbioinfo_folder/sarah/MedBioinfo/data/sra_fastq/ERR6913207_1.fastq.gz  FASTQ   DNA      4,620  575,747       35    124.6      151
file                                                                                           format  type  num_seqs     sum_len  min_len  avg_len  max_len
/shared/home/snarrowe/medbioinfo_folder/sarah/MedBioinfo/data/sra_fastq/ERR6913103_2.fastq.gz  FASTQ   DNA    192,870  24,529,064       35    127.2      151
file                                                                                           format  type   num_seqs      sum_len  min_len  avg_len  max_len
/shared/home/snarrowe/medbioinfo_folder/sarah/MedBioinfo/data/sra_fastq/ERR6913128_2.fastq.gz  FASTQ   DNA   1,067,560  152,947,802       35    143.3      151
file                                                                                           format  type  num_seqs    sum_len  min_len  avg_len  max_len
/shared/home/snarrowe/medbioinfo_folder/sarah/MedBioinfo/data/sra_fastq/ERR6913199_2.fastq.gz  FASTQ   DNA     31,198  3,336,493       35    106.9      151
file                                                                                           format  type   num_seqs      sum_len  min_len  avg_len  max_len
/shared/home/snarrowe/medbioinfo_folder/sarah/MedBioinfo/data/sra_fastq/ERR6913224_2.fastq.gz  FASTQ   DNA   1,127,307  148,988,061       35    132.2      151
file                                                                                           format  type  num_seqs    sum_len  min_len  avg_len  max_len
/shared/home/snarrowe/medbioinfo_folder/sarah/MedBioinfo/data/sra_fastq/ERR6913115_2.fastq.gz  FASTQ   DNA     16,627  2,129,470       35    128.1      151
file                                                                                           format  type  num_seqs    sum_len  min_len  avg_len  max_len
/shared/home/snarrowe/medbioinfo_folder/sarah/MedBioinfo/data/sra_fastq/ERR6913211_2.fastq.gz  FASTQ   DNA     19,781  2,252,009       35    113.8      151
file                                                                                           format  type  num_seqs     sum_len  min_len  avg_len  max_len
/shared/home/snarrowe/medbioinfo_folder/sarah/MedBioinfo/data/sra_fastq/ERR6913117_2.fastq.gz  FASTQ   DNA    198,593  25,279,157       35    127.3      151
file                                                                                           format  type  num_seqs    sum_len  min_len  avg_len  max_len
/shared/home/snarrowe/medbioinfo_folder/sarah/MedBioinfo/data/sra_fastq/ERR6913213_2.fastq.gz  FASTQ   DNA     15,934  1,686,869       35    105.9      151
file                                                                                           format  type  num_seqs    sum_len  min_len  avg_len  max_len
/shared/home/snarrowe/medbioinfo_folder/sarah/MedBioinfo/data/sra_fastq/ERR6913111_2.fastq.gz  FASTQ   DNA     16,620  2,198,959       35    132.3      151
file                                                                                           format  type  num_seqs  sum_len  min_len  avg_len  max_len
/shared/home/snarrowe/medbioinfo_folder/sarah/MedBioinfo/data/sra_fastq/ERR6913207_2.fastq.gz  FASTQ   DNA      4,620  575,539       35    124.6      151
file                                                                                           format  type  num_seqs     sum_len  min_len  avg_len  max_len
/shared/home/snarrowe/medbioinfo_folder/sarah/MedBioinfo/data/sra_fastq/ERR6913103_2.fastq.gz  FASTQ   DNA    192,870  24,529,064       35    127.2      151
file                                                                                           format  type   num_seqs      sum_len  min_len  avg_len  max_len
/shared/home/snarrowe/medbioinfo_folder/sarah/MedBioinfo/data/sra_fastq/ERR6913128_2.fastq.gz  FASTQ   DNA   1,067,560  152,947,802       35    143.3      151
file                                                                                           format  type  num_seqs    sum_len  min_len  avg_len  max_len
/shared/home/snarrowe/medbioinfo_folder/sarah/MedBioinfo/data/sra_fastq/ERR6913199_2.fastq.gz  FASTQ   DNA     31,198  3,336,493       35    106.9      151
file                                                                                           format  type   num_seqs      sum_len  min_len  avg_len  max_len
/shared/home/snarrowe/medbioinfo_folder/sarah/MedBioinfo/data/sra_fastq/ERR6913224_2.fastq.gz  FASTQ   DNA   1,127,307  148,988,061       35    132.2      151
file                                                                                           format  type  num_seqs    sum_len  min_len  avg_len  max_len
/shared/home/snarrowe/medbioinfo_folder/sarah/MedBioinfo/data/sra_fastq/ERR6913115_2.fastq.gz  FASTQ   DNA     16,627  2,129,470       35    128.1      151
file                                                                                           format  type  num_seqs    sum_len  min_len  avg_len  max_len
/shared/home/snarrowe/medbioinfo_folder/sarah/MedBioinfo/data/sra_fastq/ERR6913211_2.fastq.gz  FASTQ   DNA     19,781  2,252,009       35    113.8      151
file                                                                                           format  type  num_seqs     sum_len  min_len  avg_len  max_len
/shared/home/snarrowe/medbioinfo_folder/sarah/MedBioinfo/data/sra_fastq/ERR6913117_2.fastq.gz  FASTQ   DNA    198,593  25,279,157       35    127.3      151
file                                                                                           format  type  num_seqs    sum_len  min_len  avg_len  max_len
/shared/home/snarrowe/medbioinfo_folder/sarah/MedBioinfo/data/sra_fastq/ERR6913213_2.fastq.gz  FASTQ   DNA     15,934  1,686,869       35    105.9      151
file                                                                                           format  type  num_seqs    sum_len  min_len  avg_len  max_len
/shared/home/snarrowe/medbioinfo_folder/sarah/MedBioinfo/data/sra_fastq/ERR6913111_2.fastq.gz  FASTQ   DNA     16,620  2,198,959       35    132.3      151
file                                                                                           format  type  num_seqs  sum_len  min_len  avg_len  max_len
/shared/home/snarrowe/medbioinfo_folder/sarah/MedBioinfo/data/sra_fastq/ERR6913207_2.fastq.gz  FASTQ   DNA      4,620  575,539       35    124.6      151
file                                                                                           format  type  num_seqs     sum_len  min_len  avg_len  max_len
/shared/home/snarrowe/medbioinfo_folder/sarah/MedBioinfo/data/sra_fastq/ERR6913103_2.fastq.gz  FASTQ   DNA    192,870  24,529,064       35    127.2      151
file                                                                                           format  type   num_seqs      sum_len  min_len  avg_len  max_len
/shared/home/snarrowe/medbioinfo_folder/sarah/MedBioinfo/data/sra_fastq/ERR6913128_2.fastq.gz  FASTQ   DNA   1,067,560  152,947,802       35    143.3      151
file                                                                                           format  type  num_seqs    sum_len  min_len  avg_len  max_len
/shared/home/snarrowe/medbioinfo_folder/sarah/MedBioinfo/data/sra_fastq/ERR6913199_2.fastq.gz  FASTQ   DNA     31,198  3,336,493       35    106.9      151
file                                                                                           format  type   num_seqs      sum_len  min_len  avg_len  max_len
/shared/home/snarrowe/medbioinfo_folder/sarah/MedBioinfo/data/sra_fastq/ERR6913224_2.fastq.gz  FASTQ   DNA   1,127,307  148,988,061       35    132.2      151
file                                                                                           format  type  num_seqs    sum_len  min_len  avg_len  max_len
/shared/home/snarrowe/medbioinfo_folder/sarah/MedBioinfo/data/sra_fastq/ERR6913115_2.fastq.gz  FASTQ   DNA     16,627  2,129,470       35    128.1      151
file                                                                                           format  type  num_seqs    sum_len  min_len  avg_len  max_len
/shared/home/snarrowe/medbioinfo_folder/sarah/MedBioinfo/data/sra_fastq/ERR6913211_2.fastq.gz  FASTQ   DNA     19,781  2,252,009       35    113.8      151
file                                                                                           format  type  num_seqs     sum_len  min_len  avg_len  max_len
/shared/home/snarrowe/medbioinfo_folder/sarah/MedBioinfo/data/sra_fastq/ERR6913117_2.fastq.gz  FASTQ   DNA    198,593  25,279,157       35    127.3      151
file                                                                                           format  type  num_seqs    sum_len  min_len  avg_len  max_len
/shared/home/snarrowe/medbioinfo_folder/sarah/MedBioinfo/data/sra_fastq/ERR6913213_2.fastq.gz  FASTQ   DNA     15,934  1,686,869       35    105.9      151
file                                                                                           format  type  num_seqs    sum_len  min_len  avg_len  max_len
/shared/home/snarrowe/medbioinfo_folder/sarah/MedBioinfo/data/sra_fastq/ERR6913111_2.fastq.gz  FASTQ   DNA     16,620  2,198,959       35    132.3      151
file                                                                                           format  type  num_seqs  sum_len  min_len  avg_len  max_len
/shared/home/snarrowe/medbioinfo_folder/sarah/MedBioinfo/data/sra_fastq/ERR6913207_2.fastq.gz  FASTQ   DNA      4,620  575,539       35    124.6      151
file                                                                                                                format  type  num_seqs     sum_len  min_len  avg_len  max_len
/shared/home/snarrowe/medbioinfo_folder/sarah/MedBioinfo/data/merged_pairs/ERR6913103.flash.extendedFrags.fastq.gz  FASTQ   DNA    177,741  25,630,153       35    144.2      292
file                                                                                                                format  type  num_seqs      sum_len  min_len  avg_len  max_len
/shared/home/snarrowe/medbioinfo_folder/sarah/MedBioinfo/data/merged_pairs/ERR6913128.flash.extendedFrags.fastq.gz  FASTQ   DNA    597,299  108,406,086       35    181.5      292
file                                                                                                                format  type  num_seqs    sum_len  min_len  avg_len  max_len
/shared/home/snarrowe/medbioinfo_folder/sarah/MedBioinfo/data/merged_pairs/ERR6913199.flash.extendedFrags.fastq.gz  FASTQ   DNA     29,676  3,416,364       35    115.1      292
file                                                                                                                format  type  num_seqs      sum_len  min_len  avg_len  max_len
/shared/home/snarrowe/medbioinfo_folder/sarah/MedBioinfo/data/merged_pairs/ERR6913224.flash.extendedFrags.fastq.gz  FASTQ   DNA    990,755  150,060,388       35    151.5      292
file                                                                                                                format  type  num_seqs    sum_len  min_len  avg_len  max_len
/shared/home/snarrowe/medbioinfo_folder/sarah/MedBioinfo/data/merged_pairs/ERR6913115.flash.extendedFrags.fastq.gz  FASTQ   DNA     14,885  2,172,365       35    145.9      292
file                                                                                                                format  type  num_seqs    sum_len  min_len  avg_len  max_len
/shared/home/snarrowe/medbioinfo_folder/sarah/MedBioinfo/data/merged_pairs/ERR6913211.flash.extendedFrags.fastq.gz  FASTQ   DNA     18,664  2,308,617       35    123.7      292
file                                                                                                                format  type  num_seqs     sum_len  min_len  avg_len  max_len
/shared/home/snarrowe/medbioinfo_folder/sarah/MedBioinfo/data/merged_pairs/ERR6913117.flash.extendedFrags.fastq.gz  FASTQ   DNA    181,363  26,373,941       35    145.4      292
file                                                                                                                format  type  num_seqs    sum_len  min_len  avg_len  max_len
/shared/home/snarrowe/medbioinfo_folder/sarah/MedBioinfo/data/merged_pairs/ERR6913213.flash.extendedFrags.fastq.gz  FASTQ   DNA     15,093  1,717,037       35    113.8      292
file                                                                                                                format  type  num_seqs    sum_len  min_len  avg_len  max_len
/shared/home/snarrowe/medbioinfo_folder/sarah/MedBioinfo/data/merged_pairs/ERR6913111.flash.extendedFrags.fastq.gz  FASTQ   DNA     14,843  2,287,742       35    154.1      292
file                                                                                                                format  type  num_seqs  sum_len  min_len  avg_len  max_len
/shared/home/snarrowe/medbioinfo_folder/sarah/MedBioinfo/data/merged_pairs/ERR6913207.flash.extendedFrags.fastq.gz  FASTQ   DNA      4,251  595,630       35    140.1      291
file                                                                                                                format  type  num_seqs     sum_len  min_len  avg_len  max_len
/shared/home/snarrowe/medbioinfo_folder/sarah/MedBioinfo/data/merged_pairs/ERR6913103.flash.extendedFrags.fastq.gz  FASTQ   DNA    177,741  25,630,153       35    144.2      292
file                                                                                                                format  type  num_seqs      sum_len  min_len  avg_len  max_len
/shared/home/snarrowe/medbioinfo_folder/sarah/MedBioinfo/data/merged_pairs/ERR6913128.flash.extendedFrags.fastq.gz  FASTQ   DNA    597,299  108,406,086       35    181.5      292
file                                                                                                                format  type  num_seqs    sum_len  min_len  avg_len  max_len
/shared/home/snarrowe/medbioinfo_folder/sarah/MedBioinfo/data/merged_pairs/ERR6913199.flash.extendedFrags.fastq.gz  FASTQ   DNA     29,676  3,416,364       35    115.1      292
file                                                                                                                format  type  num_seqs      sum_len  min_len  avg_len  max_len
/shared/home/snarrowe/medbioinfo_folder/sarah/MedBioinfo/data/merged_pairs/ERR6913224.flash.extendedFrags.fastq.gz  FASTQ   DNA    990,755  150,060,388       35    151.5      292
file                                                                                                                format  type  num_seqs    sum_len  min_len  avg_len  max_len
/shared/home/snarrowe/medbioinfo_folder/sarah/MedBioinfo/data/merged_pairs/ERR6913115.flash.extendedFrags.fastq.gz  FASTQ   DNA     14,885  2,172,365       35    145.9      292
file                                                                                                                format  type  num_seqs    sum_len  min_len  avg_len  max_len
/shared/home/snarrowe/medbioinfo_folder/sarah/MedBioinfo/data/merged_pairs/ERR6913211.flash.extendedFrags.fastq.gz  FASTQ   DNA     18,664  2,308,617       35    123.7      292
file                                                                                                                format  type  num_seqs     sum_len  min_len  avg_len  max_len
/shared/home/snarrowe/medbioinfo_folder/sarah/MedBioinfo/data/merged_pairs/ERR6913117.flash.extendedFrags.fastq.gz  FASTQ   DNA    181,363  26,373,941       35    145.4      292
file                                                                                                                format  type  num_seqs    sum_len  min_len  avg_len  max_len
/shared/home/snarrowe/medbioinfo_folder/sarah/MedBioinfo/data/merged_pairs/ERR6913213.flash.extendedFrags.fastq.gz  FASTQ   DNA     15,093  1,717,037       35    113.8      292
file                                                                                                                format  type  num_seqs    sum_len  min_len  avg_len  max_len
/shared/home/snarrowe/medbioinfo_folder/sarah/MedBioinfo/data/merged_pairs/ERR6913111.flash.extendedFrags.fastq.gz  FASTQ   DNA     14,843  2,287,742       35    154.1      292
file                                                                                                                format  type  num_seqs  sum_len  min_len  avg_len  max_len
/shared/home/snarrowe/medbioinfo_folder/sarah/MedBioinfo/data/merged_pairs/ERR6913207.flash.extendedFrags.fastq.gz  FASTQ   DNA      4,251  595,630       35    140.1      291
file                                                                                                                format  type  num_seqs     sum_len  min_len  avg_len  max_len
/shared/home/snarrowe/medbioinfo_folder/sarah/MedBioinfo/data/merged_pairs/ERR6913103.flash.extendedFrags.fastq.gz  FASTQ   DNA    177,741  25,630,153       35    144.2      292
file                                                                                                                format  type  num_seqs      sum_len  min_len  avg_len  max_len
/shared/home/snarrowe/medbioinfo_folder/sarah/MedBioinfo/data/merged_pairs/ERR6913128.flash.extendedFrags.fastq.gz  FASTQ   DNA    597,299  108,406,086       35    181.5      292
file                                                                                                                format  type  num_seqs    sum_len  min_len  avg_len  max_len
/shared/home/snarrowe/medbioinfo_folder/sarah/MedBioinfo/data/merged_pairs/ERR6913199.flash.extendedFrags.fastq.gz  FASTQ   DNA     29,676  3,416,364       35    115.1      292
file                                                                                                                format  type  num_seqs      sum_len  min_len  avg_len  max_len
/shared/home/snarrowe/medbioinfo_folder/sarah/MedBioinfo/data/merged_pairs/ERR6913224.flash.extendedFrags.fastq.gz  FASTQ   DNA    990,755  150,060,388       35    151.5      292
file                                                                                                                format  type  num_seqs    sum_len  min_len  avg_len  max_len
/shared/home/snarrowe/medbioinfo_folder/sarah/MedBioinfo/data/merged_pairs/ERR6913115.flash.extendedFrags.fastq.gz  FASTQ   DNA     14,885  2,172,365       35    145.9      292
file                                                                                                                format  type  num_seqs    sum_len  min_len  avg_len  max_len
/shared/home/snarrowe/medbioinfo_folder/sarah/MedBioinfo/data/merged_pairs/ERR6913211.flash.extendedFrags.fastq.gz  FASTQ   DNA     18,664  2,308,617       35    123.7      292
file                                                                                                                format  type  num_seqs     sum_len  min_len  avg_len  max_len
/shared/home/snarrowe/medbioinfo_folder/sarah/MedBioinfo/data/merged_pairs/ERR6913117.flash.extendedFrags.fastq.gz  FASTQ   DNA    181,363  26,373,941       35    145.4      292
file                                                                                                                format  type  num_seqs    sum_len  min_len  avg_len  max_len
/shared/home/snarrowe/medbioinfo_folder/sarah/MedBioinfo/data/merged_pairs/ERR6913213.flash.extendedFrags.fastq.gz  FASTQ   DNA     15,093  1,717,037       35    113.8      292
file                                                                                                                format  type  num_seqs    sum_len  min_len  avg_len  max_len
/shared/home/snarrowe/medbioinfo_folder/sarah/MedBioinfo/data/merged_pairs/ERR6913111.flash.extendedFrags.fastq.gz  FASTQ   DNA     14,843  2,287,742       35    154.1      292
file                                                                                                                format  type  num_seqs  sum_len  min_len  avg_len  max_len
/shared/home/snarrowe/medbioinfo_folder/sarah/MedBioinfo/data/merged_pairs/ERR6913207.flash.extendedFrags.fastq.gz  FASTQ   DNA      4,251  595,630       35    140.1      291
